<?xml version="1.0" encoding="UTF-8"?>
<!-- Generated by org.testng.reporters.JUnitXMLReporter -->
<testsuite ignored="0" hostname="LAPTOP-Q29DDEJ1" failures="0" tests="11" name="Test" time="117.703" errors="0" timestamp="2024-11-06T15:08:18 IST">
  <testcase classname="com.MedicalHealthCare.testCases.TC_userLogin" name="userLoginTest" time="1.311"/>
  <testcase classname="com.MedicalHealthCare.testCases.TC_userLoginWithInvalidCredentials" name="userLoginWithInvalidCredentials" time="1.288"/>
  <testcase classname="com.MedicalHealthCare.testCases.TC_HomePage" name="Homepage" time="0.843"/>
  <testcase classname="com.MedicalHealthCare.testCases.TC_AppointmentConfirmation" name="AppointmentConfirmation" time="2.784"/>
  <testcase classname="com.MedicalHealthCare.testCases.TC_BookAppointment" name="bookAppointment" time="3.16"/>
  <testcase classname="com.MedicalHealthCare.testCases.TC_HomePageToggleOption" name="homePageToggle" time="2.285"/>
  <testcase classname="com.MedicalHealthCare.testCases.TC_LogOut" name="logOut" time="2.391"/>
  <testcase classname="com.MedicalHealthCare.testCases.TC_UserProfile" name="userProfile" time="2.768"/>
  <testcase classname="com.MedicalHealthCare.testCases.TC_VerfiyHistoryOption" name="verifyHistoryOption" time="2.385"/>
  <testcase classname="com.MedicalHealthCare.testCases.TC_VerifyHomeOption" name="verifyHomeOption" time="2.765"/>
  <testcase classname="com.MedicalHealthCare.testCases.TC_EndToEndAppointmentBooking" name="EndToEndAppointmentBooking" time="3.617"/>
</testsuite> <!-- Test -->
