<?xml version="1.0" encoding="UTF-8"?>
<!-- Generated by org.testng.reporters.JUnitXMLReporter -->
<testsuite ignored="0" hostname="LAPTOP-Q29DDEJ1" failures="5" tests="5" name="Test" time="0.04" errors="0" timestamp="2024-11-06T13:41:53 IST">
  <testcase classname="com.MedicalHealthCare.testCases.TC_AppointmentConfirmation" name="AppointmentConfirmation" time="0.007">
    <failure type="java.lang.NullPointerException" message="Cannot invoke &amp;quot;org.apache.logging.log4j.Logger.info(String)&amp;quot; because &amp;quot;com.MedicalHealthCare.testCases.TC_AppointmentConfirmation.logger&amp;quot; is null">
      <![CDATA[java.lang.NullPointerException: Cannot invoke "org.apache.logging.log4j.Logger.info(String)" because "com.MedicalHealthCare.testCases.TC_AppointmentConfirmation.logger" is null
at com.MedicalHealthCare.testCases.TC_AppointmentConfirmation.AppointmentConfirmation(TC_AppointmentConfirmation.java:24)
at java.base/java.util.ArrayList.forEach(ArrayList.java:1596)
... Removed 25 stack frames]]>
    </failure>
  </testcase> <!-- AppointmentConfirmation -->
  <testcase classname="com.MedicalHealthCare.testCases.TC_UserProfile" name="userProfile" time="0.002">
    <failure type="java.lang.NullPointerException" message="Cannot invoke &amp;quot;org.apache.logging.log4j.Logger.info(String)&amp;quot; because &amp;quot;com.MedicalHealthCare.testCases.TC_UserProfile.logger&amp;quot; is null">
      <![CDATA[java.lang.NullPointerException: Cannot invoke "org.apache.logging.log4j.Logger.info(String)" because "com.MedicalHealthCare.testCases.TC_UserProfile.logger" is null
at com.MedicalHealthCare.testCases.TC_UserProfile.userProfile(TC_UserProfile.java:23)
at java.base/java.util.ArrayList.forEach(ArrayList.java:1596)
... Removed 25 stack frames]]>
    </failure>
  </testcase> <!-- userProfile -->
  <testcase classname="com.MedicalHealthCare.testCases.TC_VerifyHomeOption" name="verifyHomeOption" time="0.002">
    <failure type="java.lang.NullPointerException" message="Cannot invoke &amp;quot;org.apache.logging.log4j.Logger.info(String)&amp;quot; because &amp;quot;com.MedicalHealthCare.testCases.TC_VerifyHomeOption.logger&amp;quot; is null">
      <![CDATA[java.lang.NullPointerException: Cannot invoke "org.apache.logging.log4j.Logger.info(String)" because "com.MedicalHealthCare.testCases.TC_VerifyHomeOption.logger" is null
at com.MedicalHealthCare.testCases.TC_VerifyHomeOption.verifyHomeOption(TC_VerifyHomeOption.java:22)
at java.base/java.util.ArrayList.forEach(ArrayList.java:1596)
... Removed 25 stack frames]]>
    </failure>
  </testcase> <!-- verifyHomeOption -->
  <testcase classname="com.MedicalHealthCare.testCases.TC_VerfiyHistoryOption" name="verifyHistoryOption" time="0.001">
    <failure type="java.lang.NullPointerException" message="Cannot invoke &amp;quot;org.apache.logging.log4j.Logger.info(String)&amp;quot; because &amp;quot;com.MedicalHealthCare.testCases.TC_VerfiyHistoryOption.logger&amp;quot; is null">
      <![CDATA[java.lang.NullPointerException: Cannot invoke "org.apache.logging.log4j.Logger.info(String)" because "com.MedicalHealthCare.testCases.TC_VerfiyHistoryOption.logger" is null
at com.MedicalHealthCare.testCases.TC_VerfiyHistoryOption.verifyHistoryOption(TC_VerfiyHistoryOption.java:23)
at java.base/java.util.ArrayList.forEach(ArrayList.java:1596)
... Removed 25 stack frames]]>
    </failure>
  </testcase> <!-- verifyHistoryOption -->
  <testcase classname="com.MedicalHealthCare.testCases.TC_HomePageToggleOption" name="homePageToggle" time="0.001">
    <failure type="java.lang.NullPointerException" message="Cannot invoke &amp;quot;org.apache.logging.log4j.Logger.info(String)&amp;quot; because &amp;quot;com.MedicalHealthCare.testCases.TC_HomePageToggleOption.logger&amp;quot; is null">
      <![CDATA[java.lang.NullPointerException: Cannot invoke "org.apache.logging.log4j.Logger.info(String)" because "com.MedicalHealthCare.testCases.TC_HomePageToggleOption.logger" is null
at com.MedicalHealthCare.testCases.TC_HomePageToggleOption.homePageToggle(TC_HomePageToggleOption.java:22)
at java.base/java.util.ArrayList.forEach(ArrayList.java:1596)
... Removed 25 stack frames]]>
    </failure>
  </testcase> <!-- homePageToggle -->
</testsuite> <!-- Test -->
