<?xml version="1.0" encoding="UTF-8"?>
<testng-results ignored="0" total="1" passed="1" failed="0" skipped="0">
  <reporter-output>
  </reporter-output>
  <suite started-at="2024-11-06T15:52:38 IST" name="Default suite" finished-at="2024-11-06T15:52:52 IST" duration-ms="13130">
    <groups>
      <group name="regressionTest">
        <method signature="TC_EndToEndAppointmentBooking.EndToEndAppointmentBooking()[pri:0, instance:com.MedicalHealthCare.testCases.TC_EndToEndAppointmentBooking@1151e434]" name="EndToEndAppointmentBooking" class="com.MedicalHealthCare.testCases.TC_EndToEndAppointmentBooking"/>
      </group> <!-- regressionTest -->
      <group name="sanityTest">
        <method signature="TC_EndToEndAppointmentBooking.EndToEndAppointmentBooking()[pri:0, instance:com.MedicalHealthCare.testCases.TC_EndToEndAppointmentBooking@1151e434]" name="EndToEndAppointmentBooking" class="com.MedicalHealthCare.testCases.TC_EndToEndAppointmentBooking"/>
      </group> <!-- sanityTest -->
      <group name="smokeTest">
        <method signature="TC_EndToEndAppointmentBooking.EndToEndAppointmentBooking()[pri:0, instance:com.MedicalHealthCare.testCases.TC_EndToEndAppointmentBooking@1151e434]" name="EndToEndAppointmentBooking" class="com.MedicalHealthCare.testCases.TC_EndToEndAppointmentBooking"/>
      </group> <!-- smokeTest -->
    </groups>
    <test started-at="2024-11-06T15:52:38 IST" name="Default test" finished-at="2024-11-06T15:52:52 IST" duration-ms="13130">
      <class name="com.MedicalHealthCare.testCases.TC_EndToEndAppointmentBooking">
        <test-method is-config="true" signature="setupBrowser()[pri:0, instance:com.MedicalHealthCare.testCases.TC_EndToEndAppointmentBooking@1151e434]" started-at="2024-11-06T15:52:38 IST" name="setupBrowser" finished-at="2024-11-06T15:52:47 IST" duration-ms="8500" status="PASS">
          <reporter-output>
          </reporter-output>
        </test-method> <!-- setupBrowser -->
        <test-method signature="EndToEndAppointmentBooking()[pri:0, instance:com.MedicalHealthCare.testCases.TC_EndToEndAppointmentBooking@1151e434]" started-at="2024-11-06T15:52:47 IST" name="EndToEndAppointmentBooking" finished-at="2024-11-06T15:52:51 IST" duration-ms="3712" status="PASS">
          <reporter-output>
          </reporter-output>
        </test-method> <!-- EndToEndAppointmentBooking -->
        <test-method is-config="true" signature="tearDown()[pri:0, instance:com.MedicalHealthCare.testCases.TC_EndToEndAppointmentBooking@1151e434]" started-at="2024-11-06T15:52:51 IST" name="tearDown" finished-at="2024-11-06T15:52:52 IST" duration-ms="873" status="PASS">
          <reporter-output>
          </reporter-output>
        </test-method> <!-- tearDown -->
      </class> <!-- com.MedicalHealthCare.testCases.TC_EndToEndAppointmentBooking -->
    </test> <!-- Default test -->
  </suite> <!-- Default suite -->
</testng-results>
